<?xml version="1.0" encoding="UTF-8"?>
<coverage generated="1574813418394" clover="3.2.0">
  <project timestamp="1574813418394" name="All files">
    <metrics statements="136" coveredstatements="135" conditionals="49" coveredconditionals="49" methods="38" coveredmethods="38" elements="223" coveredelements="222" complexity="0" loc="136" ncloc="136" packages="1" files="3" classes="3"/>
    <file name="postDatabase.js" path="/Users/sarah/Desktop/CIS557/cis557-project-photo-sharing-social-network-app-404-not-found/api/models/postDatabase.js">
      <metrics statements="63" coveredstatements="62" conditionals="29" coveredconditionals="29" methods="20" coveredmethods="20"/>
      <line num="1" count="1" type="stmt"/>
      <line num="2" count="1" type="stmt"/>
      <line num="3" count="1" type="stmt"/>
      <line num="5" count="1" type="stmt"/>
      <line num="6" count="1" type="stmt"/>
      <line num="8" count="1" type="stmt"/>
      <line num="11" count="42" type="stmt"/>
      <line num="12" count="42" type="stmt"/>
      <line num="16" count="42" type="stmt"/>
      <line num="22" count="26" type="stmt"/>
      <line num="25" count="26" type="stmt"/>
      <line num="26" count="26" type="stmt"/>
      <line num="27" count="26" type="stmt"/>
      <line num="28" count="26" type="stmt"/>
      <line num="29" count="26" type="stmt"/>
      <line num="34" count="26" type="stmt"/>
      <line num="49" count="13" type="stmt"/>
      <line num="51" count="13" type="cond" truecount="2" falsecount="0"/>
      <line num="55" count="5" type="stmt"/>
      <line num="56" count="5" type="stmt"/>
      <line num="57" count="10" type="stmt"/>
      <line num="58" count="10" type="cond" truecount="2" falsecount="0"/>
      <line num="59" count="1" type="stmt"/>
      <line num="61" count="23" type="stmt"/>
      <line num="62" count="23" type="stmt"/>
      <line num="63" count="9" type="cond" truecount="2" falsecount="0"/>
      <line num="64" count="4" type="stmt"/>
      <line num="66" count="5" type="stmt"/>
      <line num="69" count="0" type="stmt"/>
      <line num="73" count="4" type="stmt"/>
      <line num="74" count="4" type="stmt"/>
      <line num="75" count="4" type="stmt"/>
      <line num="76" count="4" type="cond" truecount="6" falsecount="0"/>
      <line num="79" count="2" type="stmt"/>
      <line num="81" count="2" type="stmt"/>
      <line num="88" count="4" type="stmt"/>
      <line num="89" count="4" type="stmt"/>
      <line num="90" count="4" type="stmt"/>
      <line num="91" count="4" type="cond" truecount="6" falsecount="0"/>
      <line num="94" count="2" type="stmt"/>
      <line num="96" count="2" type="stmt"/>
      <line num="104" count="8" type="stmt"/>
      <line num="110" count="8" type="stmt"/>
      <line num="111" count="8" type="cond" truecount="2" falsecount="0"/>
      <line num="112" count="1" type="stmt"/>
      <line num="114" count="7" type="stmt"/>
      <line num="121" count="3" type="stmt"/>
      <line num="122" count="3" type="cond" truecount="2" falsecount="0"/>
      <line num="123" count="1" type="stmt"/>
      <line num="125" count="2" type="stmt"/>
      <line num="129" count="2" type="cond" truecount="2" falsecount="0"/>
      <line num="130" count="1" type="stmt"/>
      <line num="132" count="1" type="stmt"/>
      <line num="137" count="2" type="stmt"/>
      <line num="138" count="2" type="cond" truecount="2" falsecount="0"/>
      <line num="139" count="1" type="stmt"/>
      <line num="141" count="1" type="stmt"/>
      <line num="149" count="2" type="stmt"/>
      <line num="150" count="2" type="cond" truecount="2" falsecount="0"/>
      <line num="151" count="1" type="stmt"/>
      <line num="153" count="1" type="stmt"/>
      <line num="160" count="1" type="stmt"/>
      <line num="163" count="1" type="stmt"/>
    </file>
    <file name="schemas.js" path="/Users/sarah/Desktop/CIS557/cis557-project-photo-sharing-social-network-app-404-not-found/api/models/schemas.js">
      <metrics statements="13" coveredstatements="13" conditionals="0" coveredconditionals="0" methods="2" coveredmethods="2"/>
      <line num="1" count="1" type="stmt"/>
      <line num="2" count="1" type="stmt"/>
      <line num="3" count="1" type="stmt"/>
      <line num="5" count="1" type="stmt"/>
      <line num="10" count="1" type="stmt"/>
      <line num="11" count="434" type="stmt"/>
      <line num="13" count="1" type="stmt"/>
      <line num="27" count="1" type="stmt"/>
      <line num="39" count="1" type="stmt"/>
      <line num="40" count="42" type="stmt"/>
      <line num="41" count="42" type="stmt"/>
      <line num="42" count="42" type="stmt"/>
      <line num="46" count="1" type="stmt"/>
    </file>
    <file name="userDatabase.js" path="/Users/sarah/Desktop/CIS557/cis557-project-photo-sharing-social-network-app-404-not-found/api/models/userDatabase.js">
      <metrics statements="60" coveredstatements="60" conditionals="20" coveredconditionals="20" methods="16" coveredmethods="16"/>
      <line num="1" count="1" type="stmt"/>
      <line num="2" count="1" type="stmt"/>
      <line num="6" count="86" type="stmt"/>
      <line num="7" count="86" type="cond" truecount="2" falsecount="0"/>
      <line num="8" count="1" type="stmt"/>
      <line num="10" count="85" type="stmt"/>
      <line num="11" count="85" type="stmt"/>
      <line num="17" count="85" type="stmt"/>
      <line num="18" count="85" type="stmt"/>
      <line num="23" count="115" type="stmt"/>
      <line num="28" count="2" type="stmt"/>
      <line num="33" count="2" type="stmt"/>
      <line num="34" count="2" type="cond" truecount="2" falsecount="0"/>
      <line num="35" count="1" type="stmt"/>
      <line num="37" count="1" type="stmt"/>
      <line num="38" count="1" type="stmt"/>
      <line num="43" count="2" type="stmt"/>
      <line num="44" count="2" type="cond" truecount="2" falsecount="0"/>
      <line num="45" count="1" type="stmt"/>
      <line num="47" count="1" type="stmt"/>
      <line num="48" count="1" type="stmt"/>
      <line num="53" count="3" type="stmt"/>
      <line num="54" count="3" type="cond" truecount="2" falsecount="0"/>
      <line num="55" count="1" type="stmt"/>
      <line num="56" count="2" type="cond" truecount="2" falsecount="0"/>
      <line num="57" count="1" type="stmt"/>
      <line num="59" count="1" type="stmt"/>
      <line num="60" count="1" type="stmt"/>
      <line num="61" count="1" type="stmt"/>
      <line num="66" count="2" type="stmt"/>
      <line num="67" count="2" type="cond" truecount="4" falsecount="0"/>
      <line num="68" count="1" type="stmt"/>
      <line num="70" count="1" type="stmt"/>
      <line num="74" count="24" type="stmt"/>
      <line num="78" count="24" type="stmt"/>
      <line num="82" count="24" type="stmt"/>
      <line num="86" count="1" type="stmt"/>
      <line num="90" count="1" type="stmt"/>
      <line num="94" count="1" type="stmt"/>
      <line num="98" count="28" type="stmt"/>
      <line num="100" count="28" type="cond" truecount="2" falsecount="0"/>
      <line num="101" count="1" type="stmt"/>
      <line num="106" count="6" type="stmt"/>
      <line num="108" count="6" type="cond" truecount="2" falsecount="0"/>
      <line num="109" count="5" type="stmt"/>
      <line num="111" count="1" type="stmt"/>
      <line num="116" count="3" type="stmt"/>
      <line num="117" count="3" type="stmt"/>
      <line num="123" count="1" type="stmt"/>
      <line num="124" count="1" type="stmt"/>
      <line num="125" count="1" type="stmt"/>
      <line num="126" count="1" type="stmt"/>
      <line num="127" count="1" type="stmt"/>
      <line num="128" count="1" type="stmt"/>
      <line num="129" count="1" type="stmt"/>
      <line num="130" count="2" type="stmt"/>
      <line num="131" count="2" type="cond" truecount="2" falsecount="0"/>
      <line num="132" count="1" type="stmt"/>
      <line num="141" count="1" type="stmt"/>
      <line num="145" count="1" type="stmt"/>
    </file>
  </project>
</coverage>
