{"/Users/sarah/Desktop/CIS557/cis557-project-photo-sharing-social-network-app-404-not-found/api/models/postDatabase.js": {"path":"/Users/sarah/Desktop/CIS557/cis557-project-photo-sharing-social-network-app-404-not-found/api/models/postDatabase.js","statementMap":{"0":{"start":{"line":1,"column":15},"end":{"line":1,"column":33}},"1":{"start":{"line":2,"column":15},"end":{"line":2,"column":32}},"2":{"start":{"line":4,"column":16},"end":{"line":4,"column":39}},"3":{"start":{"line":5,"column":13},"end":{"line":5,"column":41}},"4":{"start":{"line":7,"column":19},"end":{"line":7,"column":21}},"5":{"start":{"line":10,"column":15},"end":{"line":10,"column":63}},"6":{"start":{"line":11,"column":2},"end":{"line":11,"column":21}},"7":{"start":{"line":15,"column":2},"end":{"line":15,"column":39}},"8":{"start":{"line":19,"column":2},"end":{"line":29,"column":4}},"9":{"start":{"line":35,"column":2},"end":{"line":43,"column":7}},"10":{"start":{"line":38,"column":19},"end":{"line":38,"column":28}},"11":{"start":{"line":39,"column":22},"end":{"line":39,"column":31}},"12":{"start":{"line":40,"column":6},"end":{"line":40,"column":29}},"13":{"start":{"line":41,"column":6},"end":{"line":41,"column":27}},"14":{"start":{"line":42,"column":6},"end":{"line":42,"column":66}},"15":{"start":{"line":42,"column":60},"end":{"line":42,"column":64}},"16":{"start":{"line":47,"column":2},"end":{"line":49,"column":79}},"17":{"start":{"line":49,"column":22},"end":{"line":49,"column":56}},"18":{"start":{"line":49,"column":42},"end":{"line":49,"column":54}},"19":{"start":{"line":49,"column":57},"end":{"line":49,"column":75}},"20":{"start":{"line":53,"column":16},"end":{"line":53,"column":18}},"21":{"start":{"line":54,"column":16},"end":{"line":54,"column":19}},"22":{"start":{"line":55,"column":2},"end":{"line":68,"column":3}},"23":{"start":{"line":57,"column":18},"end":{"line":57,"column":80}},"24":{"start":{"line":58,"column":4},"end":{"line":60,"column":5}},"25":{"start":{"line":59,"column":6},"end":{"line":59,"column":59}},"26":{"start":{"line":62,"column":17},"end":{"line":62,"column":70}},"27":{"start":{"line":62,"column":55},"end":{"line":62,"column":68}},"28":{"start":{"line":63,"column":4},"end":{"line":63,"column":67}},"29":{"start":{"line":63,"column":51},"end":{"line":63,"column":64}},"30":{"start":{"line":64,"column":4},"end":{"line":66,"column":5}},"31":{"start":{"line":65,"column":6},"end":{"line":65,"column":59}},"32":{"start":{"line":67,"column":4},"end":{"line":67,"column":26}},"33":{"start":{"line":69,"column":2},"end":{"line":69,"column":55}},"34":{"start":{"line":73,"column":2},"end":{"line":73,"column":52}},"35":{"start":{"line":74,"column":23},"end":{"line":74,"column":51}},"36":{"start":{"line":75,"column":15},"end":{"line":75,"column":33}},"37":{"start":{"line":76,"column":2},"end":{"line":80,"column":3}},"38":{"start":{"line":79,"column":4},"end":{"line":79,"column":16}},"39":{"start":{"line":81,"column":2},"end":{"line":84,"column":4}},"40":{"start":{"line":88,"column":2},"end":{"line":88,"column":54}},"41":{"start":{"line":89,"column":23},"end":{"line":89,"column":51}},"42":{"start":{"line":90,"column":15},"end":{"line":90,"column":33}},"43":{"start":{"line":91,"column":2},"end":{"line":95,"column":3}},"44":{"start":{"line":94,"column":4},"end":{"line":94,"column":16}},"45":{"start":{"line":96,"column":2},"end":{"line":99,"column":4}},"46":{"start":{"line":104,"column":21},"end":{"line":109,"column":3}},"47":{"start":{"line":110,"column":2},"end":{"line":117,"column":5}},"48":{"start":{"line":113,"column":4},"end":{"line":115,"column":5}},"49":{"start":{"line":114,"column":6},"end":{"line":114,"column":67}},"50":{"start":{"line":116,"column":4},"end":{"line":116,"column":22}},"51":{"start":{"line":122,"column":15},"end":{"line":122,"column":36}},"52":{"start":{"line":123,"column":2},"end":{"line":125,"column":3}},"53":{"start":{"line":124,"column":4},"end":{"line":124,"column":53}},"54":{"start":{"line":126,"column":15},"end":{"line":129,"column":3}},"55":{"start":{"line":130,"column":2},"end":{"line":132,"column":3}},"56":{"start":{"line":131,"column":4},"end":{"line":131,"column":48}},"57":{"start":{"line":133,"column":2},"end":{"line":133,"column":14}},"58":{"start":{"line":138,"column":15},"end":{"line":138,"column":36}},"59":{"start":{"line":139,"column":2},"end":{"line":141,"column":3}},"60":{"start":{"line":140,"column":4},"end":{"line":140,"column":50}},"61":{"start":{"line":142,"column":2},"end":{"line":145,"column":4}},"62":{"start":{"line":150,"column":2},"end":{"line":155,"column":5}},"63":{"start":{"line":151,"column":4},"end":{"line":153,"column":5}},"64":{"start":{"line":152,"column":6},"end":{"line":152,"column":62}},"65":{"start":{"line":154,"column":4},"end":{"line":154,"column":19}},"66":{"start":{"line":160,"column":2},"end":{"line":160,"column":56}},"67":{"start":{"line":163,"column":0},"end":{"line":177,"column":2}}},"fnMap":{"0":{"name":"createPost","decl":{"start":{"line":9,"column":9},"end":{"line":9,"column":19}},"loc":{"start":{"line":9,"column":53},"end":{"line":12,"column":1}},"line":9},"1":{"name":"getPost","decl":{"start":{"line":14,"column":9},"end":{"line":14,"column":16}},"loc":{"start":{"line":14,"column":22},"end":{"line":16,"column":1}},"line":14},"2":{"name":"addPostIDToUsers","decl":{"start":{"line":18,"column":9},"end":{"line":18,"column":25}},"loc":{"start":{"line":18,"column":45},"end":{"line":30,"column":1}},"line":18},"3":{"name":"postPicture","decl":{"start":{"line":34,"column":9},"end":{"line":34,"column":20}},"loc":{"start":{"line":34,"column":49},"end":{"line":44,"column":1}},"line":34},"4":{"name":"(anonymous_4)","decl":{"start":{"line":37,"column":10},"end":{"line":37,"column":11}},"loc":{"start":{"line":37,"column":22},"end":{"line":43,"column":5}},"line":37},"5":{"name":"(anonymous_5)","decl":{"start":{"line":42,"column":54},"end":{"line":42,"column":55}},"loc":{"start":{"line":42,"column":60},"end":{"line":42,"column":64}},"line":42},"6":{"name":"getPostIdsForUserAndNum","decl":{"start":{"line":46,"column":9},"end":{"line":46,"column":32}},"loc":{"start":{"line":46,"column":48},"end":{"line":50,"column":1}},"line":46},"7":{"name":"(anonymous_7)","decl":{"start":{"line":49,"column":10},"end":{"line":49,"column":11}},"loc":{"start":{"line":49,"column":20},"end":{"line":49,"column":77}},"line":49},"8":{"name":"getPostsForUserAndNum","decl":{"start":{"line":52,"column":15},"end":{"line":52,"column":36}},"loc":{"start":{"line":52,"column":52},"end":{"line":70,"column":1}},"line":52},"9":{"name":"(anonymous_9)","decl":{"start":{"line":62,"column":45},"end":{"line":62,"column":46}},"loc":{"start":{"line":62,"column":55},"end":{"line":62,"column":68}},"line":62},"10":{"name":"(anonymous_10)","decl":{"start":{"line":63,"column":41},"end":{"line":63,"column":42}},"loc":{"start":{"line":63,"column":51},"end":{"line":63,"column":64}},"line":63},"11":{"name":"likePost","decl":{"start":{"line":72,"column":15},"end":{"line":72,"column":23}},"loc":{"start":{"line":72,"column":39},"end":{"line":85,"column":1}},"line":72},"12":{"name":"unlikePost","decl":{"start":{"line":87,"column":15},"end":{"line":87,"column":25}},"loc":{"start":{"line":87,"column":41},"end":{"line":100,"column":1}},"line":87},"13":{"name":"addComment","decl":{"start":{"line":103,"column":15},"end":{"line":103,"column":25}},"loc":{"start":{"line":103,"column":53},"end":{"line":118,"column":1}},"line":103},"14":{"name":"(anonymous_14)","decl":{"start":{"line":112,"column":10},"end":{"line":112,"column":11}},"loc":{"start":{"line":112,"column":20},"end":{"line":117,"column":3}},"line":112},"15":{"name":"editComment","decl":{"start":{"line":121,"column":15},"end":{"line":121,"column":26}},"loc":{"start":{"line":121,"column":55},"end":{"line":134,"column":1}},"line":121},"16":{"name":"deleteComment","decl":{"start":{"line":137,"column":15},"end":{"line":137,"column":28}},"loc":{"start":{"line":137,"column":48},"end":{"line":146,"column":1}},"line":137},"17":{"name":"updatePost","decl":{"start":{"line":149,"column":15},"end":{"line":149,"column":25}},"loc":{"start":{"line":149,"column":43},"end":{"line":156,"column":1}},"line":149},"18":{"name":"(anonymous_18)","decl":{"start":{"line":150,"column":77},"end":{"line":150,"column":78}},"loc":{"start":{"line":150,"column":87},"end":{"line":155,"column":3}},"line":150},"19":{"name":"deletePost","decl":{"start":{"line":159,"column":9},"end":{"line":159,"column":19}},"loc":{"start":{"line":159,"column":28},"end":{"line":161,"column":1}},"line":159}},"branchMap":{"0":{"loc":{"start":{"line":9,"column":39},"end":{"line":9,"column":51}},"type":"default-arg","locations":[{"start":{"line":9,"column":49},"end":{"line":9,"column":51}}],"line":9},"1":{"loc":{"start":{"line":49,"column":22},"end":{"line":49,"column":56}},"type":"if","locations":[{"start":{"line":49,"column":22},"end":{"line":49,"column":56}},{"start":{"line":49,"column":22},"end":{"line":49,"column":56}}],"line":49},"2":{"loc":{"start":{"line":58,"column":4},"end":{"line":60,"column":5}},"type":"if","locations":[{"start":{"line":58,"column":4},"end":{"line":60,"column":5}},{"start":{"line":58,"column":4},"end":{"line":60,"column":5}}],"line":58},"3":{"loc":{"start":{"line":64,"column":4},"end":{"line":66,"column":5}},"type":"if","locations":[{"start":{"line":64,"column":4},"end":{"line":66,"column":5}},{"start":{"line":64,"column":4},"end":{"line":66,"column":5}}],"line":64},"4":{"loc":{"start":{"line":76,"column":2},"end":{"line":80,"column":3}},"type":"if","locations":[{"start":{"line":76,"column":2},"end":{"line":80,"column":3}},{"start":{"line":76,"column":2},"end":{"line":80,"column":3}}],"line":76},"5":{"loc":{"start":{"line":76,"column":6},"end":{"line":78,"column":62}},"type":"binary-expr","locations":[{"start":{"line":76,"column":6},"end":{"line":76,"column":26}},{"start":{"line":76,"column":30},"end":{"line":76,"column":42}},{"start":{"line":77,"column":8},"end":{"line":77,"column":47}},{"start":{"line":78,"column":9},"end":{"line":78,"column":61}}],"line":76},"6":{"loc":{"start":{"line":91,"column":2},"end":{"line":95,"column":3}},"type":"if","locations":[{"start":{"line":91,"column":2},"end":{"line":95,"column":3}},{"start":{"line":91,"column":2},"end":{"line":95,"column":3}}],"line":91},"7":{"loc":{"start":{"line":91,"column":6},"end":{"line":93,"column":62}},"type":"binary-expr","locations":[{"start":{"line":91,"column":6},"end":{"line":91,"column":26}},{"start":{"line":91,"column":30},"end":{"line":91,"column":42}},{"start":{"line":92,"column":8},"end":{"line":92,"column":47}},{"start":{"line":93,"column":9},"end":{"line":93,"column":61}}],"line":91},"8":{"loc":{"start":{"line":113,"column":4},"end":{"line":115,"column":5}},"type":"if","locations":[{"start":{"line":113,"column":4},"end":{"line":115,"column":5}},{"start":{"line":113,"column":4},"end":{"line":115,"column":5}}],"line":113},"9":{"loc":{"start":{"line":123,"column":2},"end":{"line":125,"column":3}},"type":"if","locations":[{"start":{"line":123,"column":2},"end":{"line":125,"column":3}},{"start":{"line":123,"column":2},"end":{"line":125,"column":3}}],"line":123},"10":{"loc":{"start":{"line":130,"column":2},"end":{"line":132,"column":3}},"type":"if","locations":[{"start":{"line":130,"column":2},"end":{"line":132,"column":3}},{"start":{"line":130,"column":2},"end":{"line":132,"column":3}}],"line":130},"11":{"loc":{"start":{"line":139,"column":2},"end":{"line":141,"column":3}},"type":"if","locations":[{"start":{"line":139,"column":2},"end":{"line":141,"column":3}},{"start":{"line":139,"column":2},"end":{"line":141,"column":3}}],"line":139},"12":{"loc":{"start":{"line":151,"column":4},"end":{"line":153,"column":5}},"type":"if","locations":[{"start":{"line":151,"column":4},"end":{"line":153,"column":5}},{"start":{"line":151,"column":4},"end":{"line":153,"column":5}}],"line":151}},"s":{"0":1,"1":1,"2":1,"3":1,"4":1,"5":63,"6":63,"7":62,"8":47,"9":47,"10":47,"11":47,"12":47,"13":47,"14":47,"15":47,"16":15,"17":15,"18":2,"19":13,"20":6,"21":6,"22":6,"23":12,"24":12,"25":1,"26":11,"27":43,"28":11,"29":43,"30":11,"31":4,"32":7,"33":1,"34":4,"35":4,"36":4,"37":4,"38":2,"39":2,"40":4,"41":4,"42":4,"43":4,"44":2,"45":2,"46":8,"47":8,"48":8,"49":1,"50":7,"51":3,"52":3,"53":1,"54":2,"55":2,"56":1,"57":1,"58":2,"59":2,"60":1,"61":1,"62":2,"63":2,"64":1,"65":1,"66":1,"67":1},"f":{"0":63,"1":62,"2":47,"3":47,"4":47,"5":47,"6":15,"7":15,"8":6,"9":43,"10":43,"11":4,"12":4,"13":8,"14":8,"15":3,"16":2,"17":2,"18":2,"19":1},"b":{"0":[60],"1":[2,13],"2":[1,11],"3":[4,7],"4":[2,2],"5":[4,3,2,1],"6":[2,2],"7":[4,3,2,1],"8":[1,7],"9":[1,2],"10":[1,1],"11":[1,1],"12":[1,1]},"_coverageSchema":"43e27e138ebf9cfc5966b082cf9a028302ed4184","hash":"a055d5ee575e4c44e70a2593f01e767307c04e36"}
,"/Users/sarah/Desktop/CIS557/cis557-project-photo-sharing-social-network-app-404-not-found/api/models/schemas.js": {"path":"/Users/sarah/Desktop/CIS557/cis557-project-photo-sharing-social-network-app-404-not-found/api/models/schemas.js","statementMap":{"0":{"start":{"line":1,"column":17},"end":{"line":1,"column":36}},"1":{"start":{"line":2,"column":15},"end":{"line":2,"column":33}},"2":{"start":{"line":3,"column":15},"end":{"line":3,"column":32}},"3":{"start":{"line":5,"column":0},"end":{"line":8,"column":3}},"4":{"start":{"line":10,"column":19},"end":{"line":10,"column":27}},"5":{"start":{"line":11,"column":13},"end":{"line":11,"column":32}},"6":{"start":{"line":11,"column":22},"end":{"line":11,"column":32}},"7":{"start":{"line":13,"column":13},"end":{"line":25,"column":2}},"8":{"start":{"line":27,"column":13},"end":{"line":37,"column":2}},"9":{"start":{"line":39,"column":0},"end":{"line":43,"column":3}},"10":{"start":{"line":40,"column":2},"end":{"line":40,"column":22}},"11":{"start":{"line":41,"column":2},"end":{"line":41,"column":35}},"12":{"start":{"line":42,"column":2},"end":{"line":42,"column":9}},"13":{"start":{"line":46,"column":0},"end":{"line":46,"column":92}}},"fnMap":{"0":{"name":"(anonymous_0)","decl":{"start":{"line":11,"column":13},"end":{"line":11,"column":14}},"loc":{"start":{"line":11,"column":22},"end":{"line":11,"column":32}},"line":11},"1":{"name":"setUID","decl":{"start":{"line":39,"column":30},"end":{"line":39,"column":36}},"loc":{"start":{"line":39,"column":43},"end":{"line":43,"column":1}},"line":39}},"branchMap":{},"s":{"0":1,"1":1,"2":1,"3":1,"4":1,"5":1,"6":507,"7":1,"8":1,"9":1,"10":63,"11":63,"12":63,"13":1},"f":{"0":507,"1":63},"b":{},"_coverageSchema":"43e27e138ebf9cfc5966b082cf9a028302ed4184","hash":"32b33b2e28d1822a209d9101c189ed9d28e4673a"}
,"/Users/sarah/Desktop/CIS557/cis557-project-photo-sharing-social-network-app-404-not-found/api/models/userDatabase.js": {"path":"/Users/sarah/Desktop/CIS557/cis557-project-photo-sharing-social-network-app-404-not-found/api/models/userDatabase.js","statementMap":{"0":{"start":{"line":1,"column":15},"end":{"line":1,"column":42}},"1":{"start":{"line":2,"column":16},"end":{"line":2,"column":39}},"2":{"start":{"line":6,"column":2},"end":{"line":6,"column":51}},"3":{"start":{"line":11,"column":23},"end":{"line":11,"column":46}},"4":{"start":{"line":12,"column":2},"end":{"line":14,"column":3}},"5":{"start":{"line":13,"column":4},"end":{"line":13,"column":21}},"6":{"start":{"line":15,"column":28},"end":{"line":15,"column":44}},"7":{"start":{"line":16,"column":18},"end":{"line":21,"column":3}},"8":{"start":{"line":22,"column":15},"end":{"line":22,"column":40}},"9":{"start":{"line":23,"column":2},"end":{"line":23,"column":21}},"10":{"start":{"line":28,"column":2},"end":{"line":28,"column":53}},"11":{"start":{"line":33,"column":15},"end":{"line":33,"column":38}},"12":{"start":{"line":34,"column":2},"end":{"line":36,"column":3}},"13":{"start":{"line":35,"column":4},"end":{"line":35,"column":54}},"14":{"start":{"line":37,"column":2},"end":{"line":37,"column":21}},"15":{"start":{"line":38,"column":2},"end":{"line":38,"column":21}},"16":{"start":{"line":43,"column":15},"end":{"line":43,"column":38}},"17":{"start":{"line":44,"column":2},"end":{"line":46,"column":3}},"18":{"start":{"line":45,"column":4},"end":{"line":45,"column":54}},"19":{"start":{"line":47,"column":2},"end":{"line":47,"column":39}},"20":{"start":{"line":48,"column":2},"end":{"line":48,"column":21}},"21":{"start":{"line":53,"column":15},"end":{"line":53,"column":38}},"22":{"start":{"line":54,"column":2},"end":{"line":56,"column":3}},"23":{"start":{"line":55,"column":4},"end":{"line":55,"column":54}},"24":{"start":{"line":56,"column":4},"end":{"line":58,"column":3}},"25":{"start":{"line":57,"column":4},"end":{"line":57,"column":59}},"26":{"start":{"line":59,"column":28},"end":{"line":59,"column":47}},"27":{"start":{"line":60,"column":2},"end":{"line":60,"column":36}},"28":{"start":{"line":61,"column":2},"end":{"line":61,"column":21}},"29":{"start":{"line":66,"column":15},"end":{"line":66,"column":38}},"30":{"start":{"line":67,"column":2},"end":{"line":69,"column":3}},"31":{"start":{"line":68,"column":4},"end":{"line":68,"column":16}},"32":{"start":{"line":70,"column":2},"end":{"line":70,"column":14}},"33":{"start":{"line":74,"column":13},"end":{"line":77,"column":3}},"34":{"start":{"line":78,"column":13},"end":{"line":81,"column":3}},"35":{"start":{"line":82,"column":2},"end":{"line":82,"column":31}},"36":{"start":{"line":86,"column":13},"end":{"line":89,"column":3}},"37":{"start":{"line":90,"column":13},"end":{"line":93,"column":3}},"38":{"start":{"line":94,"column":2},"end":{"line":94,"column":31}},"39":{"start":{"line":98,"column":2},"end":{"line":102,"column":7}},"40":{"start":{"line":100,"column":6},"end":{"line":100,"column":46}},"41":{"start":{"line":100,"column":24},"end":{"line":100,"column":46}},"42":{"start":{"line":101,"column":6},"end":{"line":101,"column":16}},"43":{"start":{"line":106,"column":2},"end":{"line":112,"column":7}},"44":{"start":{"line":108,"column":6},"end":{"line":110,"column":7}},"45":{"start":{"line":109,"column":8},"end":{"line":109,"column":30}},"46":{"start":{"line":111,"column":6},"end":{"line":111,"column":16}},"47":{"start":{"line":116,"column":16},"end":{"line":116,"column":43}},"48":{"start":{"line":117,"column":2},"end":{"line":119,"column":14}},"49":{"start":{"line":123,"column":13},"end":{"line":123,"column":46}},"50":{"start":{"line":124,"column":13},"end":{"line":124,"column":34}},"51":{"start":{"line":125,"column":2},"end":{"line":142,"column":5}},"52":{"start":{"line":126,"column":14},"end":{"line":126,"column":30}},"53":{"start":{"line":127,"column":17},"end":{"line":127,"column":24}},"54":{"start":{"line":128,"column":19},"end":{"line":128,"column":21}},"55":{"start":{"line":129,"column":4},"end":{"line":140,"column":5}},"56":{"start":{"line":129,"column":17},"end":{"line":129,"column":18}},"57":{"start":{"line":130,"column":18},"end":{"line":130,"column":25}},"58":{"start":{"line":131,"column":6},"end":{"line":139,"column":7}},"59":{"start":{"line":132,"column":8},"end":{"line":138,"column":10}},"60":{"start":{"line":141,"column":4},"end":{"line":141,"column":18}},"61":{"start":{"line":145,"column":0},"end":{"line":159,"column":2}}},"fnMap":{"0":{"name":"getUser","decl":{"start":{"line":5,"column":9},"end":{"line":5,"column":16}},"loc":{"start":{"line":5,"column":27},"end":{"line":7,"column":1}},"line":5},"1":{"name":"createUser","decl":{"start":{"line":10,"column":15},"end":{"line":10,"column":25}},"loc":{"start":{"line":10,"column":69},"end":{"line":24,"column":1}},"line":10},"2":{"name":"deleteUser","decl":{"start":{"line":27,"column":9},"end":{"line":27,"column":19}},"loc":{"start":{"line":27,"column":30},"end":{"line":29,"column":1}},"line":27},"3":{"name":"updateEmail","decl":{"start":{"line":32,"column":15},"end":{"line":32,"column":26}},"loc":{"start":{"line":32,"column":44},"end":{"line":39,"column":1}},"line":32},"4":{"name":"updateProfilePic","decl":{"start":{"line":42,"column":15},"end":{"line":42,"column":31}},"loc":{"start":{"line":42,"column":58},"end":{"line":49,"column":1}},"line":42},"5":{"name":"updatePassword","decl":{"start":{"line":52,"column":15},"end":{"line":52,"column":29}},"loc":{"start":{"line":52,"column":66},"end":{"line":62,"column":1}},"line":52},"6":{"name":"checkLogin","decl":{"start":{"line":65,"column":15},"end":{"line":65,"column":25}},"loc":{"start":{"line":65,"column":46},"end":{"line":71,"column":1}},"line":65},"7":{"name":"followUser","decl":{"start":{"line":73,"column":9},"end":{"line":73,"column":19}},"loc":{"start":{"line":73,"column":38},"end":{"line":83,"column":1}},"line":73},"8":{"name":"unfollowUser","decl":{"start":{"line":85,"column":9},"end":{"line":85,"column":21}},"loc":{"start":{"line":85,"column":40},"end":{"line":95,"column":1}},"line":85},"9":{"name":"getFollowersForUsername","decl":{"start":{"line":97,"column":9},"end":{"line":97,"column":32}},"loc":{"start":{"line":97,"column":43},"end":{"line":103,"column":1}},"line":97},"10":{"name":"(anonymous_10)","decl":{"start":{"line":99,"column":10},"end":{"line":99,"column":11}},"loc":{"start":{"line":99,"column":20},"end":{"line":102,"column":5}},"line":99},"11":{"name":"getFolloweesForUsername","decl":{"start":{"line":105,"column":9},"end":{"line":105,"column":32}},"loc":{"start":{"line":105,"column":43},"end":{"line":113,"column":1}},"line":105},"12":{"name":"(anonymous_12)","decl":{"start":{"line":107,"column":10},"end":{"line":107,"column":11}},"loc":{"start":{"line":107,"column":20},"end":{"line":112,"column":5}},"line":107},"13":{"name":"getUsersForTerm","decl":{"start":{"line":115,"column":9},"end":{"line":115,"column":24}},"loc":{"start":{"line":115,"column":31},"end":{"line":120,"column":1}},"line":115},"14":{"name":"getSearchSuggestions","decl":{"start":{"line":122,"column":9},"end":{"line":122,"column":29}},"loc":{"start":{"line":122,"column":46},"end":{"line":143,"column":1}},"line":122},"15":{"name":"(anonymous_15)","decl":{"start":{"line":125,"column":36},"end":{"line":125,"column":37}},"loc":{"start":{"line":125,"column":46},"end":{"line":142,"column":3}},"line":125}},"branchMap":{"0":{"loc":{"start":{"line":12,"column":2},"end":{"line":14,"column":3}},"type":"if","locations":[{"start":{"line":12,"column":2},"end":{"line":14,"column":3}},{"start":{"line":12,"column":2},"end":{"line":14,"column":3}}],"line":12},"1":{"loc":{"start":{"line":34,"column":2},"end":{"line":36,"column":3}},"type":"if","locations":[{"start":{"line":34,"column":2},"end":{"line":36,"column":3}},{"start":{"line":34,"column":2},"end":{"line":36,"column":3}}],"line":34},"2":{"loc":{"start":{"line":44,"column":2},"end":{"line":46,"column":3}},"type":"if","locations":[{"start":{"line":44,"column":2},"end":{"line":46,"column":3}},{"start":{"line":44,"column":2},"end":{"line":46,"column":3}}],"line":44},"3":{"loc":{"start":{"line":54,"column":2},"end":{"line":56,"column":3}},"type":"if","locations":[{"start":{"line":54,"column":2},"end":{"line":56,"column":3}},{"start":{"line":54,"column":2},"end":{"line":56,"column":3}}],"line":54},"4":{"loc":{"start":{"line":56,"column":4},"end":{"line":58,"column":3}},"type":"if","locations":[{"start":{"line":56,"column":4},"end":{"line":58,"column":3}},{"start":{"line":56,"column":4},"end":{"line":58,"column":3}}],"line":56},"5":{"loc":{"start":{"line":67,"column":2},"end":{"line":69,"column":3}},"type":"if","locations":[{"start":{"line":67,"column":2},"end":{"line":69,"column":3}},{"start":{"line":67,"column":2},"end":{"line":69,"column":3}}],"line":67},"6":{"loc":{"start":{"line":67,"column":6},"end":{"line":67,"column":67}},"type":"binary-expr","locations":[{"start":{"line":67,"column":6},"end":{"line":67,"column":18}},{"start":{"line":67,"column":22},"end":{"line":67,"column":67}}],"line":67},"7":{"loc":{"start":{"line":100,"column":6},"end":{"line":100,"column":46}},"type":"if","locations":[{"start":{"line":100,"column":6},"end":{"line":100,"column":46}},{"start":{"line":100,"column":6},"end":{"line":100,"column":46}}],"line":100},"8":{"loc":{"start":{"line":108,"column":6},"end":{"line":110,"column":7}},"type":"if","locations":[{"start":{"line":108,"column":6},"end":{"line":110,"column":7}},{"start":{"line":108,"column":6},"end":{"line":110,"column":7}}],"line":108},"9":{"loc":{"start":{"line":131,"column":6},"end":{"line":139,"column":7}},"type":"if","locations":[{"start":{"line":131,"column":6},"end":{"line":139,"column":7}},{"start":{"line":131,"column":6},"end":{"line":139,"column":7}}],"line":131}},"s":{"0":1,"1":1,"2":117,"3":88,"4":88,"5":1,"6":87,"7":87,"8":87,"9":87,"10":2,"11":2,"12":2,"13":1,"14":1,"15":1,"16":2,"17":2,"18":1,"19":1,"20":1,"21":3,"22":3,"23":1,"24":2,"25":1,"26":1,"27":1,"28":1,"29":2,"30":2,"31":1,"32":1,"33":25,"34":25,"35":25,"36":1,"37":1,"38":1,"39":49,"40":49,"41":48,"42":1,"43":6,"44":6,"45":5,"46":1,"47":3,"48":3,"49":1,"50":1,"51":1,"52":1,"53":1,"54":1,"55":1,"56":1,"57":2,"58":2,"59":1,"60":1,"61":1},"f":{"0":117,"1":88,"2":2,"3":2,"4":2,"5":3,"6":2,"7":25,"8":1,"9":49,"10":49,"11":6,"12":6,"13":3,"14":1,"15":1},"b":{"0":[1,87],"1":[1,1],"2":[1,1],"3":[1,2],"4":[1,1],"5":[1,1],"6":[2,2],"7":[48,1],"8":[5,1],"9":[1,1]},"_coverageSchema":"43e27e138ebf9cfc5966b082cf9a028302ed4184","hash":"36d32bbaa0c6d68dc606d051885f5d67695e4394"}
}
