{"/Users/sarah/Desktop/CIS557/cis557-project-photo-sharing-social-network-app-404-not-found/api/models/database.js": {"path":"/Users/sarah/Desktop/CIS557/cis557-project-photo-sharing-social-network-app-404-not-found/api/models/database.js","statementMap":{"0":{"start":{"line":2,"column":15},"end":{"line":2,"column":42}},"1":{"start":{"line":3,"column":16},"end":{"line":3,"column":39}},"2":{"start":{"line":4,"column":14},"end":{"line":4,"column":30}},"3":{"start":{"line":8,"column":2},"end":{"line":8,"column":51}},"4":{"start":{"line":13,"column":2},"end":{"line":13,"column":53}},"5":{"start":{"line":18,"column":23},"end":{"line":18,"column":46}},"6":{"start":{"line":19,"column":2},"end":{"line":21,"column":3}},"7":{"start":{"line":20,"column":4},"end":{"line":20,"column":21}},"8":{"start":{"line":22,"column":28},"end":{"line":22,"column":44}},"9":{"start":{"line":23,"column":18},"end":{"line":28,"column":3}},"10":{"start":{"line":29,"column":15},"end":{"line":29,"column":40}},"11":{"start":{"line":30,"column":2},"end":{"line":30,"column":21}},"12":{"start":{"line":35,"column":15},"end":{"line":35,"column":38}},"13":{"start":{"line":36,"column":2},"end":{"line":38,"column":3}},"14":{"start":{"line":37,"column":4},"end":{"line":37,"column":54}},"15":{"start":{"line":39,"column":2},"end":{"line":39,"column":21}},"16":{"start":{"line":40,"column":2},"end":{"line":40,"column":21}},"17":{"start":{"line":45,"column":15},"end":{"line":45,"column":38}},"18":{"start":{"line":46,"column":2},"end":{"line":48,"column":3}},"19":{"start":{"line":47,"column":4},"end":{"line":47,"column":54}},"20":{"start":{"line":49,"column":2},"end":{"line":49,"column":39}},"21":{"start":{"line":50,"column":2},"end":{"line":50,"column":21}},"22":{"start":{"line":55,"column":15},"end":{"line":55,"column":38}},"23":{"start":{"line":56,"column":2},"end":{"line":60,"column":3}},"24":{"start":{"line":57,"column":4},"end":{"line":57,"column":54}},"25":{"start":{"line":58,"column":9},"end":{"line":60,"column":3}},"26":{"start":{"line":59,"column":4},"end":{"line":59,"column":59}},"27":{"start":{"line":61,"column":28},"end":{"line":61,"column":47}},"28":{"start":{"line":62,"column":2},"end":{"line":62,"column":36}},"29":{"start":{"line":63,"column":2},"end":{"line":63,"column":21}},"30":{"start":{"line":68,"column":15},"end":{"line":68,"column":38}},"31":{"start":{"line":69,"column":2},"end":{"line":71,"column":3}},"32":{"start":{"line":70,"column":4},"end":{"line":70,"column":16}},"33":{"start":{"line":72,"column":2},"end":{"line":72,"column":14}},"34":{"start":{"line":75,"column":15},"end":{"line":75,"column":54}},"35":{"start":{"line":76,"column":2},"end":{"line":76,"column":21}},"36":{"start":{"line":80,"column":2},"end":{"line":86,"column":7}},"37":{"start":{"line":82,"column":6},"end":{"line":85,"column":17}},"38":{"start":{"line":83,"column":8},"end":{"line":83,"column":29}},"39":{"start":{"line":85,"column":8},"end":{"line":85,"column":17}},"40":{"start":{"line":90,"column":2},"end":{"line":96,"column":7}},"41":{"start":{"line":92,"column":6},"end":{"line":95,"column":17}},"42":{"start":{"line":93,"column":8},"end":{"line":93,"column":29}},"43":{"start":{"line":95,"column":8},"end":{"line":95,"column":17}},"44":{"start":{"line":101,"column":13},"end":{"line":104,"column":3}},"45":{"start":{"line":105,"column":13},"end":{"line":108,"column":3}},"46":{"start":{"line":109,"column":2},"end":{"line":109,"column":31}},"47":{"start":{"line":113,"column":13},"end":{"line":116,"column":3}},"48":{"start":{"line":117,"column":13},"end":{"line":120,"column":3}},"49":{"start":{"line":121,"column":2},"end":{"line":121,"column":31}},"50":{"start":{"line":125,"column":2},"end":{"line":135,"column":4}},"51":{"start":{"line":141,"column":2},"end":{"line":148,"column":7}},"52":{"start":{"line":144,"column":19},"end":{"line":144,"column":28}},"53":{"start":{"line":145,"column":22},"end":{"line":145,"column":31}},"54":{"start":{"line":146,"column":6},"end":{"line":146,"column":28}},"55":{"start":{"line":147,"column":6},"end":{"line":147,"column":66}},"56":{"start":{"line":147,"column":60},"end":{"line":147,"column":64}},"57":{"start":{"line":153,"column":2},"end":{"line":153,"column":38}},"58":{"start":{"line":157,"column":2},"end":{"line":157,"column":160}},"59":{"start":{"line":157,"column":97},"end":{"line":157,"column":157}},"60":{"start":{"line":157,"column":117},"end":{"line":157,"column":128}},"61":{"start":{"line":157,"column":138},"end":{"line":157,"column":155}},"62":{"start":{"line":161,"column":2},"end":{"line":171,"column":4}},"63":{"start":{"line":162,"column":4},"end":{"line":164,"column":5}},"64":{"start":{"line":163,"column":6},"end":{"line":163,"column":18}},"65":{"start":{"line":165,"column":4},"end":{"line":165,"column":15}},"66":{"start":{"line":166,"column":4},"end":{"line":169,"column":5}},"67":{"start":{"line":166,"column":17},"end":{"line":166,"column":18}},"68":{"start":{"line":167,"column":17},"end":{"line":167,"column":25}},"69":{"start":{"line":168,"column":6},"end":{"line":168,"column":38}},"70":{"start":{"line":170,"column":4},"end":{"line":170,"column":17}},"71":{"start":{"line":175,"column":2},"end":{"line":175,"column":51}},"72":{"start":{"line":176,"column":23},"end":{"line":176,"column":46}},"73":{"start":{"line":177,"column":15},"end":{"line":177,"column":33}},"74":{"start":{"line":178,"column":2},"end":{"line":186,"column":3}},"75":{"start":{"line":180,"column":4},"end":{"line":180,"column":16}},"76":{"start":{"line":182,"column":4},"end":{"line":185,"column":5}},"77":{"start":{"line":191,"column":2},"end":{"line":191,"column":53}},"78":{"start":{"line":192,"column":23},"end":{"line":192,"column":46}},"79":{"start":{"line":193,"column":15},"end":{"line":193,"column":33}},"80":{"start":{"line":194,"column":2},"end":{"line":202,"column":3}},"81":{"start":{"line":196,"column":4},"end":{"line":196,"column":16}},"82":{"start":{"line":198,"column":4},"end":{"line":201,"column":5}},"83":{"start":{"line":206,"column":13},"end":{"line":206,"column":46}},"84":{"start":{"line":207,"column":13},"end":{"line":207,"column":34}},"85":{"start":{"line":208,"column":2},"end":{"line":219,"column":5}},"86":{"start":{"line":209,"column":12},"end":{"line":209,"column":28}},"87":{"start":{"line":210,"column":15},"end":{"line":210,"column":22}},"88":{"start":{"line":211,"column":17},"end":{"line":211,"column":19}},"89":{"start":{"line":212,"column":4},"end":{"line":216,"column":5}},"90":{"start":{"line":212,"column":17},"end":{"line":212,"column":18}},"91":{"start":{"line":213,"column":16},"end":{"line":213,"column":23}},"92":{"start":{"line":214,"column":6},"end":{"line":215,"column":115}},"93":{"start":{"line":215,"column":8},"end":{"line":215,"column":115}},"94":{"start":{"line":217,"column":4},"end":{"line":217,"column":32}},"95":{"start":{"line":218,"column":4},"end":{"line":218,"column":17}},"96":{"start":{"line":223,"column":14},"end":{"line":223,"column":41}},"97":{"start":{"line":224,"column":2},"end":{"line":224,"column":105}},"98":{"start":{"line":228,"column":0},"end":{"line":249,"column":2}}},"fnMap":{"0":{"name":"getUser","decl":{"start":{"line":7,"column":9},"end":{"line":7,"column":16}},"loc":{"start":{"line":7,"column":27},"end":{"line":9,"column":1}},"line":7},"1":{"name":"deleteUser","decl":{"start":{"line":12,"column":9},"end":{"line":12,"column":19}},"loc":{"start":{"line":12,"column":30},"end":{"line":14,"column":1}},"line":12},"2":{"name":"createUser","decl":{"start":{"line":17,"column":15},"end":{"line":17,"column":25}},"loc":{"start":{"line":17,"column":69},"end":{"line":31,"column":1}},"line":17},"3":{"name":"updateEmail","decl":{"start":{"line":34,"column":15},"end":{"line":34,"column":26}},"loc":{"start":{"line":34,"column":44},"end":{"line":41,"column":1}},"line":34},"4":{"name":"updateProfilePic","decl":{"start":{"line":44,"column":15},"end":{"line":44,"column":31}},"loc":{"start":{"line":44,"column":58},"end":{"line":51,"column":1}},"line":44},"5":{"name":"updatePassword","decl":{"start":{"line":54,"column":15},"end":{"line":54,"column":29}},"loc":{"start":{"line":54,"column":66},"end":{"line":64,"column":1}},"line":54},"6":{"name":"checkLogin","decl":{"start":{"line":67,"column":15},"end":{"line":67,"column":25}},"loc":{"start":{"line":67,"column":46},"end":{"line":73,"column":1}},"line":67},"7":{"name":"createPost","decl":{"start":{"line":74,"column":9},"end":{"line":74,"column":19}},"loc":{"start":{"line":74,"column":39},"end":{"line":77,"column":1}},"line":74},"8":{"name":"getFolloweesForUsername","decl":{"start":{"line":79,"column":9},"end":{"line":79,"column":32}},"loc":{"start":{"line":79,"column":43},"end":{"line":87,"column":1}},"line":79},"9":{"name":"(anonymous_9)","decl":{"start":{"line":81,"column":10},"end":{"line":81,"column":11}},"loc":{"start":{"line":81,"column":20},"end":{"line":86,"column":5}},"line":81},"10":{"name":"getFollowersForUsername","decl":{"start":{"line":89,"column":9},"end":{"line":89,"column":32}},"loc":{"start":{"line":89,"column":43},"end":{"line":97,"column":1}},"line":89},"11":{"name":"(anonymous_11)","decl":{"start":{"line":91,"column":10},"end":{"line":91,"column":11}},"loc":{"start":{"line":91,"column":20},"end":{"line":96,"column":5}},"line":91},"12":{"name":"followUser","decl":{"start":{"line":99,"column":9},"end":{"line":99,"column":19}},"loc":{"start":{"line":99,"column":38},"end":{"line":110,"column":1}},"line":99},"13":{"name":"unfollowUser","decl":{"start":{"line":112,"column":9},"end":{"line":112,"column":21}},"loc":{"start":{"line":112,"column":40},"end":{"line":122,"column":1}},"line":112},"14":{"name":"addPostIDToUsers","decl":{"start":{"line":124,"column":9},"end":{"line":124,"column":25}},"loc":{"start":{"line":124,"column":45},"end":{"line":136,"column":1}},"line":124},"15":{"name":"postPicture","decl":{"start":{"line":140,"column":9},"end":{"line":140,"column":20}},"loc":{"start":{"line":140,"column":40},"end":{"line":149,"column":1}},"line":140},"16":{"name":"(anonymous_16)","decl":{"start":{"line":143,"column":10},"end":{"line":143,"column":11}},"loc":{"start":{"line":143,"column":22},"end":{"line":148,"column":5}},"line":143},"17":{"name":"(anonymous_17)","decl":{"start":{"line":147,"column":54},"end":{"line":147,"column":55}},"loc":{"start":{"line":147,"column":60},"end":{"line":147,"column":64}},"line":147},"18":{"name":"getPost","decl":{"start":{"line":152,"column":9},"end":{"line":152,"column":16}},"loc":{"start":{"line":152,"column":22},"end":{"line":154,"column":1}},"line":152},"19":{"name":"getPostIdsForUserAndNum","decl":{"start":{"line":156,"column":9},"end":{"line":156,"column":32}},"loc":{"start":{"line":156,"column":48},"end":{"line":158,"column":1}},"line":156},"20":{"name":"(anonymous_20)","decl":{"start":{"line":157,"column":85},"end":{"line":157,"column":86}},"loc":{"start":{"line":157,"column":95},"end":{"line":157,"column":159}},"line":157},"21":{"name":"getPostsForUserAndNum","decl":{"start":{"line":160,"column":9},"end":{"line":160,"column":30}},"loc":{"start":{"line":160,"column":46},"end":{"line":172,"column":1}},"line":160},"22":{"name":"(anonymous_22)","decl":{"start":{"line":161,"column":63},"end":{"line":161,"column":64}},"loc":{"start":{"line":161,"column":80},"end":{"line":171,"column":3}},"line":161},"23":{"name":"likePost","decl":{"start":{"line":174,"column":15},"end":{"line":174,"column":23}},"loc":{"start":{"line":174,"column":39},"end":{"line":188,"column":1}},"line":174},"24":{"name":"unlikePost","decl":{"start":{"line":190,"column":15},"end":{"line":190,"column":25}},"loc":{"start":{"line":190,"column":41},"end":{"line":203,"column":1}},"line":190},"25":{"name":"getSearchSuggestions","decl":{"start":{"line":205,"column":9},"end":{"line":205,"column":29}},"loc":{"start":{"line":205,"column":46},"end":{"line":220,"column":1}},"line":205},"26":{"name":"(anonymous_26)","decl":{"start":{"line":208,"column":36},"end":{"line":208,"column":37}},"loc":{"start":{"line":208,"column":44},"end":{"line":219,"column":3}},"line":208},"27":{"name":"getUsersForTerm","decl":{"start":{"line":222,"column":9},"end":{"line":222,"column":24}},"loc":{"start":{"line":222,"column":31},"end":{"line":225,"column":1}},"line":222}},"branchMap":{"0":{"loc":{"start":{"line":19,"column":2},"end":{"line":21,"column":3}},"type":"if","locations":[{"start":{"line":19,"column":2},"end":{"line":21,"column":3}},{"start":{"line":19,"column":2},"end":{"line":21,"column":3}}],"line":19},"1":{"loc":{"start":{"line":36,"column":2},"end":{"line":38,"column":3}},"type":"if","locations":[{"start":{"line":36,"column":2},"end":{"line":38,"column":3}},{"start":{"line":36,"column":2},"end":{"line":38,"column":3}}],"line":36},"2":{"loc":{"start":{"line":46,"column":2},"end":{"line":48,"column":3}},"type":"if","locations":[{"start":{"line":46,"column":2},"end":{"line":48,"column":3}},{"start":{"line":46,"column":2},"end":{"line":48,"column":3}}],"line":46},"3":{"loc":{"start":{"line":56,"column":2},"end":{"line":60,"column":3}},"type":"if","locations":[{"start":{"line":56,"column":2},"end":{"line":60,"column":3}},{"start":{"line":56,"column":2},"end":{"line":60,"column":3}}],"line":56},"4":{"loc":{"start":{"line":58,"column":9},"end":{"line":60,"column":3}},"type":"if","locations":[{"start":{"line":58,"column":9},"end":{"line":60,"column":3}},{"start":{"line":58,"column":9},"end":{"line":60,"column":3}}],"line":58},"5":{"loc":{"start":{"line":69,"column":2},"end":{"line":71,"column":3}},"type":"if","locations":[{"start":{"line":69,"column":2},"end":{"line":71,"column":3}},{"start":{"line":69,"column":2},"end":{"line":71,"column":3}}],"line":69},"6":{"loc":{"start":{"line":69,"column":6},"end":{"line":69,"column":67}},"type":"binary-expr","locations":[{"start":{"line":69,"column":6},"end":{"line":69,"column":18}},{"start":{"line":69,"column":22},"end":{"line":69,"column":67}}],"line":69},"7":{"loc":{"start":{"line":82,"column":6},"end":{"line":85,"column":17}},"type":"if","locations":[{"start":{"line":82,"column":6},"end":{"line":85,"column":17}},{"start":{"line":82,"column":6},"end":{"line":85,"column":17}}],"line":82},"8":{"loc":{"start":{"line":92,"column":6},"end":{"line":95,"column":17}},"type":"if","locations":[{"start":{"line":92,"column":6},"end":{"line":95,"column":17}},{"start":{"line":92,"column":6},"end":{"line":95,"column":17}}],"line":92},"9":{"loc":{"start":{"line":157,"column":97},"end":{"line":157,"column":157}},"type":"if","locations":[{"start":{"line":157,"column":97},"end":{"line":157,"column":157}},{"start":{"line":157,"column":97},"end":{"line":157,"column":157}}],"line":157},"10":{"loc":{"start":{"line":162,"column":4},"end":{"line":164,"column":5}},"type":"if","locations":[{"start":{"line":162,"column":4},"end":{"line":164,"column":5}},{"start":{"line":162,"column":4},"end":{"line":164,"column":5}}],"line":162},"11":{"loc":{"start":{"line":178,"column":2},"end":{"line":186,"column":3}},"type":"if","locations":[{"start":{"line":178,"column":2},"end":{"line":186,"column":3}},{"start":{"line":178,"column":2},"end":{"line":186,"column":3}}],"line":178},"12":{"loc":{"start":{"line":178,"column":6},"end":{"line":179,"column":55}},"type":"binary-expr","locations":[{"start":{"line":178,"column":6},"end":{"line":178,"column":26}},{"start":{"line":178,"column":30},"end":{"line":178,"column":42}},{"start":{"line":179,"column":4},"end":{"line":179,"column":55}}],"line":178},"13":{"loc":{"start":{"line":194,"column":2},"end":{"line":202,"column":3}},"type":"if","locations":[{"start":{"line":194,"column":2},"end":{"line":202,"column":3}},{"start":{"line":194,"column":2},"end":{"line":202,"column":3}}],"line":194},"14":{"loc":{"start":{"line":194,"column":6},"end":{"line":195,"column":55}},"type":"binary-expr","locations":[{"start":{"line":194,"column":6},"end":{"line":194,"column":26}},{"start":{"line":194,"column":30},"end":{"line":194,"column":42}},{"start":{"line":195,"column":4},"end":{"line":195,"column":55}}],"line":194},"15":{"loc":{"start":{"line":214,"column":6},"end":{"line":215,"column":115}},"type":"if","locations":[{"start":{"line":214,"column":6},"end":{"line":215,"column":115}},{"start":{"line":214,"column":6},"end":{"line":215,"column":115}}],"line":214}},"s":{"0":1,"1":1,"2":1,"3":85,"4":2,"5":58,"6":58,"7":18,"8":40,"9":40,"10":40,"11":40,"12":2,"13":2,"14":1,"15":1,"16":1,"17":2,"18":2,"19":1,"20":1,"21":1,"22":3,"23":3,"24":1,"25":2,"26":1,"27":1,"28":1,"29":1,"30":2,"31":2,"32":1,"33":1,"34":10,"35":10,"36":12,"37":12,"38":11,"39":1,"40":2,"41":2,"42":1,"43":1,"44":21,"45":21,"46":21,"47":1,"48":1,"49":1,"50":6,"51":6,"52":6,"53":6,"54":6,"55":6,"56":6,"57":13,"58":6,"59":6,"60":2,"61":4,"62":3,"63":3,"64":1,"65":2,"66":2,"67":2,"68":3,"69":3,"70":2,"71":3,"72":3,"73":3,"74":3,"75":2,"76":1,"77":3,"78":3,"79":3,"80":3,"81":2,"82":1,"83":1,"84":1,"85":1,"86":1,"87":1,"88":1,"89":1,"90":1,"91":2,"92":2,"93":1,"94":1,"95":1,"96":3,"97":3,"98":1},"f":{"0":85,"1":2,"2":58,"3":2,"4":2,"5":3,"6":2,"7":10,"8":12,"9":12,"10":2,"11":2,"12":21,"13":1,"14":6,"15":6,"16":6,"17":6,"18":13,"19":6,"20":6,"21":3,"22":3,"23":3,"24":3,"25":1,"26":1,"27":3},"b":{"0":[18,40],"1":[1,1],"2":[1,1],"3":[1,2],"4":[1,1],"5":[1,1],"6":[2,2],"7":[11,1],"8":[1,1],"9":[2,4],"10":[1,2],"11":[2,1],"12":[3,2,1],"13":[2,1],"14":[3,2,1],"15":[1,1]},"_coverageSchema":"43e27e138ebf9cfc5966b082cf9a028302ed4184","hash":"b29f5f4442a3ae83e397c21867a33227d110fea9"}
,"/Users/sarah/Desktop/CIS557/cis557-project-photo-sharing-social-network-app-404-not-found/api/models/schemas.js": {"path":"/Users/sarah/Desktop/CIS557/cis557-project-photo-sharing-social-network-app-404-not-found/api/models/schemas.js","statementMap":{"0":{"start":{"line":1,"column":17},"end":{"line":1,"column":36}},"1":{"start":{"line":2,"column":15},"end":{"line":2,"column":33}},"2":{"start":{"line":3,"column":15},"end":{"line":3,"column":32}},"3":{"start":{"line":5,"column":0},"end":{"line":8,"column":3}},"4":{"start":{"line":10,"column":19},"end":{"line":10,"column":27}},"5":{"start":{"line":11,"column":13},"end":{"line":11,"column":32}},"6":{"start":{"line":11,"column":22},"end":{"line":11,"column":32}},"7":{"start":{"line":13,"column":13},"end":{"line":25,"column":2}},"8":{"start":{"line":27,"column":13},"end":{"line":34,"column":2}},"9":{"start":{"line":36,"column":0},"end":{"line":40,"column":3}},"10":{"start":{"line":37,"column":2},"end":{"line":37,"column":22}},"11":{"start":{"line":38,"column":2},"end":{"line":38,"column":35}},"12":{"start":{"line":39,"column":2},"end":{"line":39,"column":9}},"13":{"start":{"line":43,"column":0},"end":{"line":43,"column":92}}},"fnMap":{"0":{"name":"(anonymous_0)","decl":{"start":{"line":11,"column":13},"end":{"line":11,"column":14}},"loc":{"start":{"line":11,"column":22},"end":{"line":11,"column":32}},"line":11},"1":{"name":"setUID","decl":{"start":{"line":36,"column":30},"end":{"line":36,"column":36}},"loc":{"start":{"line":36,"column":43},"end":{"line":40,"column":1}},"line":36}},"branchMap":{},"s":{"0":1,"1":1,"2":1,"3":1,"4":1,"5":1,"6":242,"7":1,"8":1,"9":1,"10":10,"11":10,"12":10,"13":1},"f":{"0":242,"1":10},"b":{},"_coverageSchema":"43e27e138ebf9cfc5966b082cf9a028302ed4184","hash":"5debe2e868ff3e965c221bfa807ce651812975ea"}
}
