TN:
SF:/Users/sarah/Google Drive/Fall 2019/CIS557/cis557-project-photo-sharing-social-network-app-404-not-found/api/models/database.js
FN:5,(anonymous_0)
FN:10,(anonymous_1)
FN:27,(anonymous_2)
FN:37,(anonymous_3)
FN:40,(anonymous_4)
FN:44,(anonymous_5)
FN:48,(anonymous_6)
FN:53,(anonymous_7)
FN:54,(anonymous_8)
FN:57,(anonymous_9)
FN:64,(anonymous_10)
FNF:11
FNH:11
FNDA:15,(anonymous_0)
FNDA:12,(anonymous_1)
FNDA:2,(anonymous_2)
FNDA:1,(anonymous_3)
FNDA:1,(anonymous_4)
FNDA:1,(anonymous_5)
FNDA:2,(anonymous_6)
FNDA:3,(anonymous_7)
FNDA:3,(anonymous_8)
FNDA:5,(anonymous_9)
FNDA:1,(anonymous_10)
DA:1,1
DA:2,1
DA:5,1
DA:6,15
DA:10,1
DA:11,12
DA:12,12
DA:13,3
DA:15,9
DA:16,9
DA:22,9
DA:23,9
DA:27,1
DA:28,2
DA:29,2
DA:30,1
DA:32,1
DA:37,1
DA:38,1
DA:41,1
DA:42,1
DA:43,1
DA:44,1
DA:48,1
DA:49,2
DA:50,2
DA:53,1
DA:54,3
DA:57,1
DA:58,5
DA:64,1
DA:65,1
DA:77,1
LF:33
LH:33
BRDA:12,0,0,3
BRDA:12,0,1,9
BRDA:29,1,0,1
BRDA:29,1,1,1
BRDA:29,2,0,2
BRDA:29,2,1,2
BRF:6
BRH:6
end_of_record
TN:
SF:/Users/sarah/Google Drive/Fall 2019/CIS557/cis557-project-photo-sharing-social-network-app-404-not-found/api/models/schemas.js
FN:10,(anonymous_0)
FN:29,(anonymous_1)
FNF:2
FNH:2
FNDA:44,(anonymous_0)
FNDA:2,(anonymous_1)
DA:1,1
DA:2,1
DA:4,1
DA:9,1
DA:10,44
DA:12,1
DA:21,1
DA:29,1
DA:30,2
DA:31,2
DA:35,1
LF:11
LH:11
BRF:0
BRH:0
end_of_record
