TN:
SF:/Users/sarah/Desktop/CIS557/cis557-project-photo-sharing-social-network-app-404-not-found/api/models/postDatabase.js
FN:9,createPost
FN:14,getPost
FN:18,addPostIDToUsers
FN:34,postPicture
FN:37,(anonymous_4)
FN:42,(anonymous_5)
FN:46,getPostIdsForUserAndNum
FN:49,(anonymous_7)
FN:52,getPostsForUserAndNum
FN:62,(anonymous_9)
FN:63,(anonymous_10)
FN:72,likePost
FN:87,unlikePost
FN:103,addComment
FN:112,(anonymous_14)
FN:121,editComment
FN:137,deleteComment
FN:149,updatePost
FN:150,(anonymous_18)
FN:159,deletePost
FNF:20
FNH:20
FNDA:63,createPost
FNDA:62,getPost
FNDA:47,addPostIDToUsers
FNDA:47,postPicture
FNDA:47,(anonymous_4)
FNDA:47,(anonymous_5)
FNDA:15,getPostIdsForUserAndNum
FNDA:15,(anonymous_7)
FNDA:6,getPostsForUserAndNum
FNDA:43,(anonymous_9)
FNDA:43,(anonymous_10)
FNDA:4,likePost
FNDA:4,unlikePost
FNDA:8,addComment
FNDA:8,(anonymous_14)
FNDA:3,editComment
FNDA:2,deleteComment
FNDA:2,updatePost
FNDA:2,(anonymous_18)
FNDA:1,deletePost
DA:1,1
DA:2,1
DA:4,1
DA:5,1
DA:7,1
DA:10,63
DA:11,63
DA:15,62
DA:19,47
DA:35,47
DA:38,47
DA:39,47
DA:40,47
DA:41,47
DA:42,47
DA:47,15
DA:49,15
DA:53,6
DA:54,6
DA:55,6
DA:57,12
DA:58,12
DA:59,1
DA:62,43
DA:63,43
DA:64,11
DA:65,4
DA:67,7
DA:69,1
DA:73,4
DA:74,4
DA:75,4
DA:76,4
DA:79,2
DA:81,2
DA:88,4
DA:89,4
DA:90,4
DA:91,4
DA:94,2
DA:96,2
DA:104,8
DA:110,8
DA:113,8
DA:114,1
DA:116,7
DA:122,3
DA:123,3
DA:124,1
DA:126,2
DA:130,2
DA:131,1
DA:133,1
DA:138,2
DA:139,2
DA:140,1
DA:142,1
DA:150,2
DA:151,2
DA:152,1
DA:154,1
DA:160,1
DA:163,1
LF:63
LH:63
BRDA:9,0,0,60
BRDA:49,1,0,2
BRDA:49,1,1,13
BRDA:58,2,0,1
BRDA:58,2,1,11
BRDA:64,3,0,4
BRDA:64,3,1,7
BRDA:76,4,0,2
BRDA:76,4,1,2
BRDA:76,5,0,4
BRDA:76,5,1,3
BRDA:76,5,2,2
BRDA:76,5,3,1
BRDA:91,6,0,2
BRDA:91,6,1,2
BRDA:91,7,0,4
BRDA:91,7,1,3
BRDA:91,7,2,2
BRDA:91,7,3,1
BRDA:113,8,0,1
BRDA:113,8,1,7
BRDA:123,9,0,1
BRDA:123,9,1,2
BRDA:130,10,0,1
BRDA:130,10,1,1
BRDA:139,11,0,1
BRDA:139,11,1,1
BRDA:151,12,0,1
BRDA:151,12,1,1
BRF:29
BRH:29
end_of_record
TN:
SF:/Users/sarah/Desktop/CIS557/cis557-project-photo-sharing-social-network-app-404-not-found/api/models/schemas.js
FN:11,(anonymous_0)
FN:39,setUID
FNF:2
FNH:2
FNDA:507,(anonymous_0)
FNDA:63,setUID
DA:1,1
DA:2,1
DA:3,1
DA:5,1
DA:10,1
DA:11,507
DA:13,1
DA:27,1
DA:39,1
DA:40,63
DA:41,63
DA:42,63
DA:46,1
LF:13
LH:13
BRF:0
BRH:0
end_of_record
TN:
SF:/Users/sarah/Desktop/CIS557/cis557-project-photo-sharing-social-network-app-404-not-found/api/models/userDatabase.js
FN:5,getUser
FN:10,createUser
FN:27,deleteUser
FN:32,updateEmail
FN:42,updateProfilePic
FN:52,updatePassword
FN:65,checkLogin
FN:73,followUser
FN:85,unfollowUser
FN:97,getFollowersForUsername
FN:99,(anonymous_10)
FN:105,getFolloweesForUsername
FN:107,(anonymous_12)
FN:115,getUsersForTerm
FN:122,getSearchSuggestions
FN:125,(anonymous_15)
FNF:16
FNH:16
FNDA:117,getUser
FNDA:88,createUser
FNDA:2,deleteUser
FNDA:2,updateEmail
FNDA:2,updateProfilePic
FNDA:3,updatePassword
FNDA:2,checkLogin
FNDA:25,followUser
FNDA:1,unfollowUser
FNDA:49,getFollowersForUsername
FNDA:49,(anonymous_10)
FNDA:6,getFolloweesForUsername
FNDA:6,(anonymous_12)
FNDA:3,getUsersForTerm
FNDA:1,getSearchSuggestions
FNDA:1,(anonymous_15)
DA:1,1
DA:2,1
DA:6,117
DA:11,88
DA:12,88
DA:13,1
DA:15,87
DA:16,87
DA:22,87
DA:23,87
DA:28,2
DA:33,2
DA:34,2
DA:35,1
DA:37,1
DA:38,1
DA:43,2
DA:44,2
DA:45,1
DA:47,1
DA:48,1
DA:53,3
DA:54,3
DA:55,1
DA:56,2
DA:57,1
DA:59,1
DA:60,1
DA:61,1
DA:66,2
DA:67,2
DA:68,1
DA:70,1
DA:74,25
DA:78,25
DA:82,25
DA:86,1
DA:90,1
DA:94,1
DA:98,49
DA:100,49
DA:101,1
DA:106,6
DA:108,6
DA:109,5
DA:111,1
DA:116,3
DA:117,3
DA:123,1
DA:124,1
DA:125,1
DA:126,1
DA:127,1
DA:128,1
DA:129,1
DA:130,2
DA:131,2
DA:132,1
DA:141,1
DA:145,1
LF:60
LH:60
BRDA:12,0,0,1
BRDA:12,0,1,87
BRDA:34,1,0,1
BRDA:34,1,1,1
BRDA:44,2,0,1
BRDA:44,2,1,1
BRDA:54,3,0,1
BRDA:54,3,1,2
BRDA:56,4,0,1
BRDA:56,4,1,1
BRDA:67,5,0,1
BRDA:67,5,1,1
BRDA:67,6,0,2
BRDA:67,6,1,2
BRDA:100,7,0,48
BRDA:100,7,1,1
BRDA:108,8,0,5
BRDA:108,8,1,1
BRDA:131,9,0,1
BRDA:131,9,1,1
BRF:20
BRH:20
end_of_record
